#-----------------------------------------------------------
# Vivado v2018.2 (64-bit)
# SW Build 2258646 on Thu Jun 14 20:03:12 MDT 2018
# IP Build 2256618 on Thu Jun 14 22:10:49 MDT 2018
# Start of session at: Thu Jul 12 10:33:19 2018
# Process ID: 8324
# Current directory: F:/LDR/LDR
# Command line: vivado.exe -gui_launcher_event rodinguilauncherevent1128 F:\LDR\LDR\LDR.xpr
# Log file: F:/LDR/LDR/vivado.log
# Journal file: F:/LDR/LDR\vivado.jou
#-----------------------------------------------------------
start_gui
open_project F:/LDR/LDR/LDR.xpr
CRITICAL WARNING: [Project 1-19] Could not find the file 'F:/LDR/LDR/LDR.srcs/sources_1/ip/dat_mem/test_ram_2.coe'.
Scanning sources...
Finished scanning sources
INFO: [IP_Flow 19-234] Refreshing IP repositories
INFO: [IP_Flow 19-1704] No user IP repositories specified
INFO: [IP_Flow 19-2313] Loaded Vivado IP repository 'F:/Xilinx/Vivado/2018.2/data/ip'.
open_project: Time (s): cpu = 00:00:26 ; elapsed = 00:00:27 . Memory (MB): peak = 786.570 ; gain = 134.402
INFO: [Device 21-403] Loading part xc7a35tcsg324-1
WARNING: [IP_Flow 19-4067] Ignoring invalid widget type specified checkbox.Providing a default widget
WARNING: [IP_Flow 19-4067] Ignoring invalid widget type specified checkbox.Providing a default widget
INFO: [IP_Flow 19-3484] Absolute path of file 'f:/LDR/LDR/LDR.srcs/sources_1/ip/dat_mem/test_ram.coe' provided. It will be converted relative to IP Instance files '../../../../LDR.srcs/sources_1/ip/dat_mem/test_ram.coe'
INFO: [IP_Flow 19-3484] Absolute path of file 'f:/LDR/LDR/LDR.srcs/sources_1/ip/dat_mem/test_ram.coe' provided. It will be converted relative to IP Instance files '../../../../LDR.srcs/sources_1/ip/dat_mem/test_ram.coe'
INFO: [IP_Flow 19-3484] Absolute path of file 'f:/LDR/LDR/LDR.srcs/sources_1/ip/dat_mem/test_ram.coe' provided. It will be converted relative to IP Instance files '../../../../LDR.srcs/sources_1/ip/dat_mem/test_ram.coe'
set_property -dict [list CONFIG.Coe_File {f:/LDR/LDR/LDR.srcs/sources_1/ip/dat_mem/test_ram.coe}] [get_ips dat_mem]
INFO: [IP_Flow 19-3484] Absolute path of file 'f:/LDR/LDR/LDR.srcs/sources_1/ip/dat_mem/test_ram.coe' provided. It will be converted relative to IP Instance files 'test_ram.coe'
generate_target all [get_files  F:/LDR/LDR/LDR.srcs/sources_1/ip/dat_mem/dat_mem.xci]
INFO: [IP_Flow 19-1686] Generating 'Instantiation Template' target for IP 'dat_mem'...
INFO: [IP_Flow 19-1686] Generating 'Synthesis' target for IP 'dat_mem'...
INFO: [IP_Flow 19-1686] Generating 'Simulation' target for IP 'dat_mem'...
INFO: [IP_Flow 19-1686] Generating 'Miscellaneous' target for IP 'dat_mem'...
INFO: [IP_Flow 19-1686] Generating 'Change Log' target for IP 'dat_mem'...
catch { config_ip_cache -export [get_ips -all dat_mem] }
export_ip_user_files -of_objects [get_files F:/LDR/LDR/LDR.srcs/sources_1/ip/dat_mem/dat_mem.xci] -no_script -sync -force -quiet
reset_run dat_mem_synth_1
launch_runs -jobs 2 dat_mem_synth_1
[Thu Jul 12 10:36:27 2018] Launched dat_mem_synth_1...
Run output will be captured here: F:/LDR/LDR/LDR.runs/dat_mem_synth_1/runme.log
export_simulation -of_objects [get_files F:/LDR/LDR/LDR.srcs/sources_1/ip/dat_mem/dat_mem.xci] -directory F:/LDR/LDR/LDR.ip_user_files/sim_scripts -ip_user_files_dir F:/LDR/LDR/LDR.ip_user_files -ipstatic_source_dir F:/LDR/LDR/LDR.ip_user_files/ipstatic -lib_map_path [list {modelsim=F:/LDR/LDR/LDR.cache/compile_simlib/modelsim} {questa=F:/LDR/LDR/LDR.cache/compile_simlib/questa} {riviera=F:/LDR/LDR/LDR.cache/compile_simlib/riviera} {activehdl=F:/LDR/LDR/LDR.cache/compile_simlib/activehdl}] -use_ip_compiled_libs -force -quiet
reset_run impl_1
reset_run synth_1
WARNING: [Vivado 12-1017] Problems encountered:
1. Failed to delete one or more files in run directory F:/LDR/LDR/LDR.runs/synth_1

launch_runs impl_1 -to_step write_bitstream -jobs 2
[Thu Jul 12 10:36:54 2018] Launched dat_mem_synth_1, synth_1...
Run output will be captured here:
dat_mem_synth_1: F:/LDR/LDR/LDR.runs/dat_mem_synth_1/runme.log
synth_1: F:/LDR/LDR/LDR.runs/synth_1/runme.log
[Thu Jul 12 10:36:54 2018] Launched impl_1...
Run output will be captured here: F:/LDR/LDR/LDR.runs/impl_1/runme.log
WARNING: [IP_Flow 19-4067] Ignoring invalid widget type specified checkbox.Providing a default widget
WARNING: [IP_Flow 19-4067] Ignoring invalid widget type specified checkbox.Providing a default widget
INFO: [IP_Flow 19-3484] Absolute path of file 'f:/LDR/LDR/LDR.srcs/sources_1/ip/dat_mem/test_ram.coe' provided. It will be converted relative to IP Instance files '../../../../LDR.srcs/sources_1/ip/dat_mem/test_ram.coe'
INFO: [IP_Flow 19-3484] Absolute path of file 'f:/LDR/LDR/LDR.srcs/sources_1/ip/dat_mem/test_ram.coe' provided. It will be converted relative to IP Instance files '../../../../LDR.srcs/sources_1/ip/dat_mem/test_ram.coe'
set_property -dict [list CONFIG.Coe_File {f:/LDR/LDR/LDR.srcs/sources_1/ip/dat_mem/test_ram.coe}] [get_ips dat_mem]
INFO: [IP_Flow 19-3484] Absolute path of file 'f:/LDR/LDR/LDR.srcs/sources_1/ip/dat_mem/test_ram.coe' provided. It will be converted relative to IP Instance files 'test_ram.coe'
WARNING: [IP_Flow 19-4067] Ignoring invalid widget type specified checkbox.Providing a default widget
WARNING: [IP_Flow 19-4067] Ignoring invalid widget type specified checkbox.Providing a default widget
INFO: [IP_Flow 19-3484] Absolute path of file 'f:/LDR/LDR/LDR.srcs/sources_1/ip/ins_mem/test_rom.coe' provided. It will be converted relative to IP Instance files '../../../../LDR.srcs/sources_1/ip/ins_mem/test_rom.coe'
INFO: [IP_Flow 19-3484] Absolute path of file 'f:/LDR/LDR/LDR.srcs/sources_1/ip/ins_mem/test_rom.coe' provided. It will be converted relative to IP Instance files '../../../../LDR.srcs/sources_1/ip/ins_mem/test_rom.coe'
WARNING: [IP_Flow 19-4067] Ignoring invalid widget type specified checkbox.Providing a default widget
WARNING: [IP_Flow 19-4067] Ignoring invalid widget type specified checkbox.Providing a default widget
export_ip_user_files -of_objects  [get_files F:/LDR/LDR/LDR.srcs/sources_1/ip/dat_mem/test_ram_2.coe] -no_script -reset -force -quiet
remove_files  F:/LDR/LDR/LDR.srcs/sources_1/ip/dat_mem/test_ram_2.coe
reset_run synth_1
launch_runs impl_1 -to_step write_bitstream -jobs 2
[Thu Jul 12 10:40:55 2018] Launched synth_1...
Run output will be captured here: F:/LDR/LDR/LDR.runs/synth_1/runme.log
[Thu Jul 12 10:40:55 2018] Launched impl_1...
Run output will be captured here: F:/LDR/LDR/LDR.runs/impl_1/runme.log
open_hw
connect_hw_server
INFO: [Labtools 27-2285] Connecting to hw_server url TCP:localhost:3121
INFO: [Labtools 27-2222] Launching hw_server...
INFO: [Labtools 27-2221] Launch Output:

****** Xilinx hw_server v2018.2
  **** Build date : Jun 14 2018-20:42:52
    ** Copyright 1986-2018 Xilinx, Inc. All Rights Reserved.


ERROR: [Labtoolstcl 44-494] There is no active target available for server at localhost.
 Targets(s) ", jsn1jsn2" may be locked by another hw_server.
disconnect_hw_server localhost:3121
INFO: [Labtools 27-2285] Connecting to hw_server url TCP:localhost:3121
disconnect_hw_server: Time (s): cpu = 00:00:07 ; elapsed = 00:00:05 . Memory (MB): peak = 1756.973 ; gain = 636.539
connect_hw_server -url localhost:3121
INFO: [Labtools 27-2285] Connecting to hw_server url TCP:localhost:3121
current_hw_target [get_hw_targets */xilinx_tcf/Xilinx/USB\VID_03FD&PID_0008\5&3414ED49&0&1]
ERROR: [Labtoolstcl 44-199] No matching targets found on connected servers: localhost
Resolution: If needed connect the desired target to a server and use command refresh_hw_server. Then rerun the get_hw_targets command.
ERROR: [Common 17-39] 'get_hw_targets' failed due to earlier errors.
open_hw_target {localhost:3121/xilinx_tcf/Xilinx/USB\VID_03FD&PID_0008\5&3414ED49&0&1}
INFO: [Labtoolstcl 44-466] Opening hw_target localhost:3121/xilinx_tcf/Xilinx/USB\VID_03FD&PID_0008\5&3414ED49&0&1
set_property PROGRAM.FILE {F:/LDR/LDR/LDR.runs/impl_1/computer.bit} [get_hw_devices xc7a35t_0]
current_hw_device [get_hw_devices xc7a35t_0]
refresh_hw_device -update_hw_probes false [lindex [get_hw_devices xc7a35t_0] 0]
INFO: [Labtools 27-1434] Device xc7a35t (JTAG device index = 0) is programmed with a design that has no supported debug core(s) in it.
WARNING: [Labtools 27-3361] The debug hub core was not detected.
Resolution: 
1. Make sure the clock connected to the debug hub (dbg_hub) core is a free running clock and is active.
2. Make sure the BSCAN_SWITCH_USER_MASK device property in Vivado Hardware Manager reflects the user scan chain setting in the design and refresh the device.  To determine the user scan chain setting in the design, open the implemented design and use 'get_property C_USER_SCAN_CHAIN [get_debug_cores dbg_hub]'.
For more details on setting the scan chain property, consult the Vivado Debug and Programming User Guide (UG908).
set_property PROBES.FILE {} [get_hw_devices xc7a35t_0]
set_property FULL_PROBES.FILE {} [get_hw_devices xc7a35t_0]
set_property PROGRAM.FILE {F:/LDR/LDR/LDR.runs/impl_1/computer.bit} [get_hw_devices xc7a35t_0]
program_hw_devices [get_hw_devices xc7a35t_0]
INFO: [Labtools 27-3164] End of startup status: HIGH
refresh_hw_device [lindex [get_hw_devices xc7a35t_0] 0]
INFO: [Labtools 27-1434] Device xc7a35t (JTAG device index = 0) is programmed with a design that has no supported debug core(s) in it.
WARNING: [Labtools 27-3361] The debug hub core was not detected.
Resolution: 
1. Make sure the clock connected to the debug hub (dbg_hub) core is a free running clock and is active.
2. Make sure the BSCAN_SWITCH_USER_MASK device property in Vivado Hardware Manager reflects the user scan chain setting in the design and refresh the device.  To determine the user scan chain setting in the design, open the implemented design and use 'get_property C_USER_SCAN_CHAIN [get_debug_cores dbg_hub]'.
For more details on setting the scan chain property, consult the Vivado Debug and Programming User Guide (UG908).
close_hw
WARNING: [IP_Flow 19-4067] Ignoring invalid widget type specified checkbox.Providing a default widget
WARNING: [IP_Flow 19-4067] Ignoring invalid widget type specified checkbox.Providing a default widget
INFO: [IP_Flow 19-3484] Absolute path of file 'f:/LDR/LDR/LDR.srcs/sources_1/ip/ins_mem/test_rom.coe' provided. It will be converted relative to IP Instance files '../../../../LDR.srcs/sources_1/ip/ins_mem/test_rom.coe'
INFO: [IP_Flow 19-3484] Absolute path of file 'f:/LDR/LDR/LDR.srcs/sources_1/ip/ins_mem/test_rom.coe' provided. It will be converted relative to IP Instance files '../../../../LDR.srcs/sources_1/ip/ins_mem/test_rom.coe'
WARNING: [IP_Flow 19-4067] Ignoring invalid widget type specified checkbox.Providing a default widget
WARNING: [IP_Flow 19-4067] Ignoring invalid widget type specified checkbox.Providing a default widget
INFO: [IP_Flow 19-3484] Absolute path of file 'f:/LDR/LDR/LDR.srcs/sources_1/ip/ins_mem/test_rom.coe' provided. It will be converted relative to IP Instance files '../../../../LDR.srcs/sources_1/ip/ins_mem/test_rom.coe'
INFO: [IP_Flow 19-3484] Absolute path of file 'f:/LDR/LDR/LDR.srcs/sources_1/ip/ins_mem/test_rom.coe' provided. It will be converted relative to IP Instance files '../../../../LDR.srcs/sources_1/ip/ins_mem/test_rom.coe'
set_property -dict [list CONFIG.Coe_File {f:/LDR/LDR/LDR.srcs/sources_1/ip/ins_mem/test_rom.coe}] [get_ips ins_mem]
INFO: [IP_Flow 19-3484] Absolute path of file 'f:/LDR/LDR/LDR.srcs/sources_1/ip/ins_mem/test_rom.coe' provided. It will be converted relative to IP Instance files 'test_rom.coe'
generate_target all [get_files  F:/LDR/LDR/LDR.srcs/sources_1/ip/ins_mem/ins_mem.xci]
INFO: [IP_Flow 19-1686] Generating 'Instantiation Template' target for IP 'ins_mem'...
INFO: [IP_Flow 19-1686] Generating 'Synthesis' target for IP 'ins_mem'...
INFO: [IP_Flow 19-1686] Generating 'Simulation' target for IP 'ins_mem'...
INFO: [IP_Flow 19-1686] Generating 'Miscellaneous' target for IP 'ins_mem'...
INFO: [IP_Flow 19-1686] Generating 'Change Log' target for IP 'ins_mem'...
catch { config_ip_cache -export [get_ips -all ins_mem] }
INFO: [IP_Flow 19-4993] Using cached IP synthesis design for IP ins_mem, cache-ID = 9480d008260e8190; cache size = 5.295 MB.
catch { [ delete_ip_run [get_ips -all ins_mem] ] }
INFO: [Project 1-386] Moving file 'F:/LDR/LDR/LDR.srcs/sources_1/ip/ins_mem/ins_mem.xci' from fileset 'ins_mem' to fileset 'sources_1'.
export_ip_user_files -of_objects [get_files F:/LDR/LDR/LDR.srcs/sources_1/ip/ins_mem/ins_mem.xci] -no_script -sync -force -quiet
create_ip_run [get_files -of_objects [get_fileset sources_1] F:/LDR/LDR/LDR.srcs/sources_1/ip/ins_mem/ins_mem.xci]
INFO: [Vivado 12-3453] The given sub-design is up-to-date, no action was taken.  If a run is still desired, use the '-force' option for the file:'F:/LDR/LDR/LDR.srcs/sources_1/ip/ins_mem/ins_mem.xci'
export_simulation -of_objects [get_files F:/LDR/LDR/LDR.srcs/sources_1/ip/ins_mem/ins_mem.xci] -directory F:/LDR/LDR/LDR.ip_user_files/sim_scripts -ip_user_files_dir F:/LDR/LDR/LDR.ip_user_files -ipstatic_source_dir F:/LDR/LDR/LDR.ip_user_files/ipstatic -lib_map_path [list {modelsim=F:/LDR/LDR/LDR.cache/compile_simlib/modelsim} {questa=F:/LDR/LDR/LDR.cache/compile_simlib/questa} {riviera=F:/LDR/LDR/LDR.cache/compile_simlib/riviera} {activehdl=F:/LDR/LDR/LDR.cache/compile_simlib/activehdl}] -use_ip_compiled_libs -force -quiet
reset_run synth_1
launch_runs impl_1 -to_step write_bitstream -jobs 2
INFO: [Vivado 12-4149] The synthesis checkpoint for IP 'F:/LDR/LDR/LDR.srcs/sources_1/ip/ins_mem/ins_mem.xci' is already up-to-date
[Thu Jul 12 10:49:46 2018] Launched synth_1...
Run output will be captured here: F:/LDR/LDR/LDR.runs/synth_1/runme.log
[Thu Jul 12 10:49:46 2018] Launched impl_1...
Run output will be captured here: F:/LDR/LDR/LDR.runs/impl_1/runme.log
open_hw
INFO: [Labtools 27-2285] Connecting to hw_server url TCP:localhost:3121
INFO: [Labtools 27-2222] Launching hw_server...
INFO: [Labtools 27-2221] Launch Output:

****** Xilinx hw_server v2018.2
  **** Build date : Jun 14 2018-20:42:52
    ** Copyright 1986-2018 Xilinx, Inc. All Rights Reserved.


ERROR: [Labtoolstcl 44-494] There is no active target available for server at TCP:localhost:3121.
 Targets(s) ", jsn1" may be locked by another hw_server.
connect_hw_server
INFO: [Labtools 27-2285] Connecting to hw_server url TCP:localhost:3121
open_hw_target
INFO: [Labtoolstcl 44-466] Opening hw_target localhost:3121/xilinx_tcf/Xilinx/USB\VID_03FD&PID_0008\5&3414ED49&0&1
set_property PROGRAM.FILE {F:/LDR/LDR/LDR.runs/impl_1/computer.bit} [get_hw_devices xc7a35t_0]
current_hw_device [get_hw_devices xc7a35t_0]
refresh_hw_device -update_hw_probes false [lindex [get_hw_devices xc7a35t_0] 0]
INFO: [Labtools 27-1434] Device xc7a35t (JTAG device index = 0) is programmed with a design that has no supported debug core(s) in it.
WARNING: [Labtools 27-3361] The debug hub core was not detected.
Resolution: 
1. Make sure the clock connected to the debug hub (dbg_hub) core is a free running clock and is active.
2. Make sure the BSCAN_SWITCH_USER_MASK device property in Vivado Hardware Manager reflects the user scan chain setting in the design and refresh the device.  To determine the user scan chain setting in the design, open the implemented design and use 'get_property C_USER_SCAN_CHAIN [get_debug_cores dbg_hub]'.
For more details on setting the scan chain property, consult the Vivado Debug and Programming User Guide (UG908).
set_property PROBES.FILE {} [get_hw_devices xc7a35t_0]
set_property FULL_PROBES.FILE {} [get_hw_devices xc7a35t_0]
set_property PROGRAM.FILE {F:/LDR/LDR/LDR.runs/impl_1/computer.bit} [get_hw_devices xc7a35t_0]
program_hw_devices [get_hw_devices xc7a35t_0]
INFO: [Labtools 27-3164] End of startup status: HIGH
refresh_hw_device [lindex [get_hw_devices xc7a35t_0] 0]
INFO: [Labtools 27-1434] Device xc7a35t (JTAG device index = 0) is programmed with a design that has no supported debug core(s) in it.
WARNING: [Labtools 27-3361] The debug hub core was not detected.
Resolution: 
1. Make sure the clock connected to the debug hub (dbg_hub) core is a free running clock and is active.
2. Make sure the BSCAN_SWITCH_USER_MASK device property in Vivado Hardware Manager reflects the user scan chain setting in the design and refresh the device.  To determine the user scan chain setting in the design, open the implemented design and use 'get_property C_USER_SCAN_CHAIN [get_debug_cores dbg_hub]'.
For more details on setting the scan chain property, consult the Vivado Debug and Programming User Guide (UG908).
ERROR: [Labtoolstcl 44-140] Invalid option value, specified for 'hw_target'.
ERROR: [Labtoolstcl 44-140] Invalid option value, specified for 'hw_target'.
exit
INFO: [Common 17-206] Exiting Vivado at Thu Jul 12 10:56:59 2018...
