Vivado Simulator 2018.2
Copyright 1986-1999, 2001-2018 Xilinx, Inc. All Rights Reserved.
Running: D:/sw/vivado_pro/Vivado/2018.2/bin/unwrapped/win64.o/xelab.exe -wto b5254c809de940d5877c7b07b112dcb7 --incr --debug typical --relax --mt 2 -L xil_defaultlib -L unisims_ver -L secureip --snapshot memorycontrol_t_func_synth xil_defaultlib.memorycontrol_t xil_defaultlib.glbl -log elaborate.log 
Using 2 slave threads.
Starting static elaboration
Completed static elaboration
Starting simulation data flow analysis
Completed simulation data flow analysis
Time Resolution for simulation is 1ps
Compiling module unisims_ver.IBUF
Compiling module unisims_ver.GND
Compiling module unisims_ver.RB36_INTERNAL_VLOG(DOA_REG=1,RDA...
Compiling module unisims_ver.RAMB36E1(DOA_REG=1,INIT_00=256'b...
Compiling module xil_defaultlib.dat_mem_blk_mem_gen_prim_wrapper...
Compiling module xil_defaultlib.dat_mem_blk_mem_gen_prim_width
Compiling module xil_defaultlib.dat_mem_blk_mem_gen_generic_cstr
Compiling module xil_defaultlib.dat_mem_blk_mem_gen_top
Compiling module xil_defaultlib.dat_mem_blk_mem_gen_v8_4_1_synth
Compiling module xil_defaultlib.dat_mem_blk_mem_gen_v8_4_1
Compiling module xil_defaultlib.dat_mem
Compiling module unisims_ver.LUT6
Compiling module unisims_ver.RB36_INTERNAL_VLOG(DOA_REG=1,RDA...
Compiling module unisims_ver.RAMB36E1(DOA_REG=1,INIT_00=256'b...
Compiling module xil_defaultlib.ins_mem_blk_mem_gen_prim_wrapper...
Compiling module xil_defaultlib.ins_mem_blk_mem_gen_prim_width
Compiling module xil_defaultlib.ins_mem_blk_mem_gen_generic_cstr
Compiling module xil_defaultlib.ins_mem_blk_mem_gen_top
Compiling module xil_defaultlib.ins_mem_blk_mem_gen_v8_4_1_synth
Compiling module xil_defaultlib.ins_mem_blk_mem_gen_v8_4_1
Compiling module xil_defaultlib.ins_mem
Compiling module unisims_ver.LUT5
Compiling module unisims_ver.LUT4
Compiling module unisims_ver.x_lut3_mux8
Compiling module unisims_ver.LUT3
Compiling module unisims_ver.OBUF
Compiling module unisims_ver.FDRE_default
Compiling module unisims_ver.BUFG
Compiling module xil_defaultlib.memorycontrol
Compiling module xil_defaultlib.memorycontrol_t
Compiling module xil_defaultlib.glbl
Built simulation snapshot memorycontrol_t_func_synth
